PLINK v1.90b6.12 64-bit (28 Oct 2019)
Options in effect:
  --bfile tmp/agrosavia-genotype-tetra-ACGT-IMPUTED-plink-1
  --out tmp/agrosavia-genotype-tetra-ACGT-IMPUTED-plink-1
  --recode tab

Hostname: agro
Working directory: /home/lg/agrosavia/projects/gwas-others/back/tmp
Start time: Mon Jan 13 08:37:20 2020

Random number seed: 1578922640
7829 MB RAM detected; reserving 3914 MB for main workspace.
4605 variants loaded from .bim file.
604 people (0 males, 0 females, 604 ambiguous) loaded from .fam.
Ambiguous sex IDs written to
tmp/agrosavia-genotype-tetra-ACGT-IMPUTED-plink-1.nosex .
Using 1 thread (no multithreaded calculations invoked).
Before main variant filters, 604 founders and 0 nonfounders present.
Calculating allele frequencies... done.
Total genotyping rate is 0.990197.
4605 variants and 604 people pass filters and QC.
Note: No phenotypes present.
--recode ped to tmp/agrosavia-genotype-tetra-ACGT-IMPUTED-plink-1.ped +
tmp/agrosavia-genotype-tetra-ACGT-IMPUTED-plink-1.map ... done.

End time: Mon Jan 13 08:37:20 2020
